#
# There is insufficient memory for the Java Runtime Environment to continue.
# Native memory allocation (mmap) failed to map 25165824 bytes. Error detail: G1 virtual space
# Possible reasons:
#   The system is out of physical RAM or swap space
#   This process is running with CompressedOops enabled, and the Java Heap may be blocking the growth of the native heap
# Possible solutions:
#   Reduce memory load on the system
#   Increase physical memory or swap space
#   Check if swap backing store is full
#   Decrease Java heap size (-Xmx/-Xms)
#   Decrease number of Java threads
#   Decrease Java thread stack sizes (-Xss)
#   Set larger code cache with -XX:ReservedCodeCacheSize=
#   JVM is running with Unscaled Compressed Oops mode in which the Java heap is
#     placed in the first 4GB address space. The Java Heap base address is the
#     maximum limit for the native heap growth. Please use -XX:HeapBaseMinAddress
#     to set the Java Heap base and to place the Java Heap above 4GB virtual address.
# This output file may be truncated or incomplete.
#
#  Out of Memory Error (os_windows.cpp:3828), pid=15132, tid=20560
#
# JRE version: OpenJDK Runtime Environment (21.0.4) (build 21.0.4+-12508038-b607.1)
# Java VM: OpenJDK 64-Bit Server VM (21.0.4+-12508038-b607.1, mixed mode, tiered, compressed oops, compressed class ptrs, g1 gc, windows-amd64)
# No core dump will be written. Minidumps are not enabled by default on client versions of Windows
#

---------------  S U M M A R Y ------------

Command Line: --add-opens=java.base/java.util=ALL-UNNAMED --add-opens=java.base/java.lang=ALL-UNNAMED --add-opens=java.base/java.lang.invoke=ALL-UNNAMED --add-opens=java.prefs/java.util.prefs=ALL-UNNAMED --add-exports=jdk.compiler/com.sun.tools.javac.api=ALL-UNNAMED --add-exports=jdk.compiler/com.sun.tools.javac.util=ALL-UNNAMED --add-opens=java.base/java.nio.charset=ALL-UNNAMED --add-opens=java.base/java.net=ALL-UNNAMED --add-opens=java.base/java.util.concurrent.atomic=ALL-UNNAMED -Xmx2048m -Dfile.encoding=UTF-8 -Duser.country=US -Duser.language=en -Duser.variant -javaagent:C:\Users\User\.gradle\wrapper\dists\gradle-8.10.2-bin\a04bxjujx95o3nb99gddekhwo\gradle-8.10.2\lib\agents\gradle-instrumentation-agent-8.10.2.jar org.gradle.launcher.daemon.bootstrap.GradleDaemon 8.10.2

Host: 12th Gen Intel(R) Core(TM) i5-1235U, 12 cores, 7G,  Windows 11 , 64 bit Build 26100 (10.0.26100.1620)
Time: Sun Mar 23 16:02:41 2025 Sri Lanka Standard Time elapsed time: 8.037207 seconds (0d 0h 0m 8s)

---------------  T H R E A D  ---------------

Current thread (0x000001bc3e026840):  VMThread "VM Thread"          [id=20560, stack(0x000000190d000000,0x000000190d100000) (1024K)]

Stack: [0x000000190d000000,0x000000190d100000]
Native frames: (J=compiled Java code, j=interpreted, Vv=VM code, C=native code)
V  [jvm.dll+0x6ce539]
V  [jvm.dll+0x85bf03]
V  [jvm.dll+0x85e45e]
V  [jvm.dll+0x85eb43]
V  [jvm.dll+0x27dd06]
V  [jvm.dll+0x6cada5]
V  [jvm.dll+0x6bf27a]
V  [jvm.dll+0x3541fb]
V  [jvm.dll+0x35be36]
V  [jvm.dll+0x3adbc6]
V  [jvm.dll+0x3ade98]
V  [jvm.dll+0x32691c]
V  [jvm.dll+0x3269a7]
V  [jvm.dll+0x36c78c]
V  [jvm.dll+0x36af3e]
V  [jvm.dll+0x326071]
V  [jvm.dll+0x329b36]
V  [jvm.dll+0x37f596]
V  [jvm.dll+0x8648c8]
V  [jvm.dll+0x865c44]
V  [jvm.dll+0x866180]
V  [jvm.dll+0x866413]
V  [jvm.dll+0x804418]
V  [jvm.dll+0x6cce0d]
C  [ucrtbase.dll+0x14ea0]
C  [KERNEL32.DLL+0x2dbe7]
C  [ntdll.dll+0x85a4c]

VM_Operation (0x000000190e9f7200): CollectForMetadataAllocation, mode: safepoint, requested by thread 0x000001bc3fe61050


---------------  P R O C E S S  ---------------

Threads class SMR info:
_java_thread_list=0x000001bc40196630, length=41, elements={
0x000001bc1fdaeec0, 0x000001bc3e0805f0, 0x000001bc3e081050, 0x000001bc3e08c530,
0x000001bc3e08cf90, 0x000001bc3e096010, 0x000001bc3e096680, 0x000001bc3e097410,
0x000001bc3e09fec0, 0x000001bc3e1a5d50, 0x000001bc3e393990, 0x000001bc3fcc4470,
0x000001bc3fd688a0, 0x000001bc3fc6e8e0, 0x000001bc3fe2b340, 0x000001bc40048440,
0x000001bc3fcbf770, 0x000001bc3fe61050, 0x000001bc3fe62400, 0x000001bc3fe5f610,
0x000001bc3fe616e0, 0x000001bc3fe5fca0, 0x000001bc3fe60330, 0x000001bc3fe61d70,
0x000001bc3fe609c0, 0x000001bc40ff2500, 0x000001bc40ff1e70, 0x000001bc40ff4c60,
0x000001bc40ff17e0, 0x000001bc40ff6010, 0x000001bc40ff38b0, 0x000001bc40ff5980,
0x000001bc40ff45d0, 0x000001bc40ff3220, 0x000001bc40ff52f0, 0x000001bc40ff2b90,
0x000001bc40ff66a0, 0x000001bc40ff6d30, 0x000001bc40ff73c0, 0x000001bc40ff3f40,
0x000001bc3e106bd0
}

Java Threads: ( => current thread )
  0x000001bc1fdaeec0 JavaThread "main"                              [_thread_blocked, id=19276, stack(0x000000190c900000,0x000000190ca00000) (1024K)]
  0x000001bc3e0805f0 JavaThread "Reference Handler"          daemon [_thread_blocked, id=19380, stack(0x000000190d100000,0x000000190d200000) (1024K)]
  0x000001bc3e081050 JavaThread "Finalizer"                  daemon [_thread_blocked, id=23288, stack(0x000000190d200000,0x000000190d300000) (1024K)]
  0x000001bc3e08c530 JavaThread "Signal Dispatcher"          daemon [_thread_blocked, id=15792, stack(0x000000190d300000,0x000000190d400000) (1024K)]
  0x000001bc3e08cf90 JavaThread "Attach Listener"            daemon [_thread_blocked, id=21776, stack(0x000000190d400000,0x000000190d500000) (1024K)]
  0x000001bc3e096010 JavaThread "Service Thread"             daemon [_thread_blocked, id=20696, stack(0x000000190d500000,0x000000190d600000) (1024K)]
  0x000001bc3e096680 JavaThread "Monitor Deflation Thread"   daemon [_thread_blocked, id=22900, stack(0x000000190d600000,0x000000190d700000) (1024K)]
  0x000001bc3e097410 JavaThread "C2 CompilerThread0"         daemon [_thread_blocked, id=1848, stack(0x000000190d700000,0x000000190d800000) (1024K)]
  0x000001bc3e09fec0 JavaThread "C1 CompilerThread0"         daemon [_thread_blocked, id=19180, stack(0x000000190d800000,0x000000190d900000) (1024K)]
  0x000001bc3e1a5d50 JavaThread "Common-Cleaner"             daemon [_thread_blocked, id=10488, stack(0x000000190d900000,0x000000190da00000) (1024K)]
  0x000001bc3e393990 JavaThread "Notification Thread"        daemon [_thread_blocked, id=18232, stack(0x000000190da00000,0x000000190db00000) (1024K)]
  0x000001bc3fcc4470 JavaThread "Daemon health stats"               [_thread_blocked, id=10056, stack(0x000000190e300000,0x000000190e400000) (1024K)]
  0x000001bc3fd688a0 JavaThread "Incoming local TCP Connector on port 53021"        [_thread_in_native, id=21332, stack(0x000000190e400000,0x000000190e500000) (1024K)]
  0x000001bc3fc6e8e0 JavaThread "Daemon periodic checks"            [_thread_blocked, id=9544, stack(0x000000190e500000,0x000000190e600000) (1024K)]
  0x000001bc3fe2b340 JavaThread "Daemon"                            [_thread_blocked, id=22980, stack(0x000000190e600000,0x000000190e700000) (1024K)]
  0x000001bc40048440 JavaThread "Handler for socket connection from /127.0.0.1:53021 to /127.0.0.1:53022"        [_thread_in_native, id=14648, stack(0x000000190e700000,0x000000190e800000) (1024K)]
  0x000001bc3fcbf770 JavaThread "Cancel handler"                    [_thread_blocked, id=23116, stack(0x000000190e800000,0x000000190e900000) (1024K)]
  0x000001bc3fe61050 JavaThread "Daemon worker"                     [_thread_blocked, id=10896, stack(0x000000190e900000,0x000000190ea00000) (1024K)]
  0x000001bc3fe62400 JavaThread "Asynchronous log dispatcher for DefaultDaemonConnection: socket connection from /127.0.0.1:53021 to /127.0.0.1:53022"        [_thread_blocked, id=20216, stack(0x000000190ea00000,0x000000190eb00000) (1024K)]
  0x000001bc3fe5f610 JavaThread "Stdin handler"                     [_thread_blocked, id=4088, stack(0x000000190eb00000,0x000000190ec00000) (1024K)]
  0x000001bc3fe616e0 JavaThread "Daemon client event forwarder"        [_thread_blocked, id=11472, stack(0x000000190ec00000,0x000000190ed00000) (1024K)]
  0x000001bc3fe5fca0 JavaThread "Cache worker for journal cache (C:\Users\User\.gradle\caches\journal-1)"        [_thread_blocked, id=17404, stack(0x000000190f100000,0x000000190f200000) (1024K)]
  0x000001bc3fe60330 JavaThread "File lock request listener"        [_thread_in_native, id=18804, stack(0x000000190f200000,0x000000190f300000) (1024K)]
  0x000001bc3fe61d70 JavaThread "Cache worker for file hash cache (C:\Users\User\.gradle\caches\8.10.2\fileHashes)"        [_thread_blocked, id=17476, stack(0x000000190f300000,0x000000190f400000) (1024K)]
  0x000001bc3fe609c0 JavaThread "Cache worker for file hash cache (D:\IIT\2ND Y\2ND SEM\mobile\DiceGame\.gradle\8.10.2\fileHashes)"        [_thread_blocked, id=17920, stack(0x000000190f400000,0x000000190f500000) (1024K)]
  0x000001bc40ff2500 JavaThread "Cache worker for Build Output Cleanup Cache (D:\IIT\2ND Y\2ND SEM\mobile\DiceGame\.gradle\buildOutputCleanup)"        [_thread_blocked, id=22904, stack(0x000000190f500000,0x000000190f600000) (1024K)]
  0x000001bc40ff1e70 JavaThread "File watcher server"        daemon [_thread_in_native, id=12892, stack(0x000000190f600000,0x000000190f700000) (1024K)]
  0x000001bc40ff4c60 JavaThread "File watcher consumer"      daemon [_thread_blocked, id=7064, stack(0x000000190f700000,0x000000190f800000) (1024K)]
  0x000001bc40ff17e0 JavaThread "jar transforms"                    [_thread_blocked, id=13976, stack(0x000000190f800000,0x000000190f900000) (1024K)]
  0x000001bc40ff6010 JavaThread "jar transforms Thread 2"           [_thread_blocked, id=21820, stack(0x000000190f900000,0x000000190fa00000) (1024K)]
  0x000001bc40ff38b0 JavaThread "jar transforms Thread 3"           [_thread_blocked, id=15720, stack(0x000000190fa00000,0x000000190fb00000) (1024K)]
  0x000001bc40ff5980 JavaThread "jar transforms Thread 4"           [_thread_blocked, id=21304, stack(0x000000190fb00000,0x000000190fc00000) (1024K)]
  0x000001bc40ff45d0 JavaThread "jar transforms Thread 5"           [_thread_blocked, id=11416, stack(0x000000190fc00000,0x000000190fd00000) (1024K)]
  0x000001bc40ff3220 JavaThread "jar transforms Thread 6"           [_thread_blocked, id=20528, stack(0x000000190fd00000,0x000000190fe00000) (1024K)]
  0x000001bc40ff52f0 JavaThread "jar transforms Thread 7"           [_thread_blocked, id=20868, stack(0x000000190fe00000,0x000000190ff00000) (1024K)]
  0x000001bc40ff2b90 JavaThread "jar transforms Thread 8"           [_thread_blocked, id=5392, stack(0x000000190ff00000,0x0000001910000000) (1024K)]
  0x000001bc40ff66a0 JavaThread "jar transforms Thread 9"           [_thread_blocked, id=17612, stack(0x0000001910000000,0x0000001910100000) (1024K)]
  0x000001bc40ff6d30 JavaThread "jar transforms Thread 10"          [_thread_blocked, id=17136, stack(0x0000001910100000,0x0000001910200000) (1024K)]
  0x000001bc40ff73c0 JavaThread "jar transforms Thread 11"          [_thread_blocked, id=14464, stack(0x0000001910200000,0x0000001910300000) (1024K)]
  0x000001bc40ff3f40 JavaThread "jar transforms Thread 12"          [_thread_blocked, id=22356, stack(0x0000001910300000,0x0000001910400000) (1024K)]
  0x000001bc3e106bd0 JavaThread "C2 CompilerThread1"         daemon [_thread_blocked, id=14992, stack(0x000000190db00000,0x000000190dc00000) (1024K)]
Total: 41

Other Threads:
=>0x000001bc3e026840 VMThread "VM Thread"                           [id=20560, stack(0x000000190d000000,0x000000190d100000) (1024K)]
  0x000001bc39b3fa10 WatcherThread "VM Periodic Task Thread"        [id=22976, stack(0x000000190cf00000,0x000000190d000000) (1024K)]
  0x000001bc220e0e10 WorkerThread "GC Thread#0"                     [id=23460, stack(0x000000190ca00000,0x000000190cb00000) (1024K)]
  0x000001bc3e9d64e0 WorkerThread "GC Thread#1"                     [id=808, stack(0x000000190dc00000,0x000000190dd00000) (1024K)]
  0x000001bc3ea21bd0 WorkerThread "GC Thread#2"                     [id=5596, stack(0x000000190dd00000,0x000000190de00000) (1024K)]
  0x000001bc3ee85080 WorkerThread "GC Thread#3"                     [id=3436, stack(0x000000190de00000,0x000000190df00000) (1024K)]
  0x000001bc3f31cab0 WorkerThread "GC Thread#4"                     [id=5512, stack(0x000000190df00000,0x000000190e000000) (1024K)]
  0x000001bc3f0cf100 WorkerThread "GC Thread#5"                     [id=19296, stack(0x000000190e000000,0x000000190e100000) (1024K)]
  0x000001bc3f0cf4a0 WorkerThread "GC Thread#6"                     [id=22740, stack(0x000000190e100000,0x000000190e200000) (1024K)]
  0x000001bc3fb044c0 WorkerThread "GC Thread#7"                     [id=17456, stack(0x000000190e200000,0x000000190e300000) (1024K)]
  0x000001bc3fb05e20 WorkerThread "GC Thread#8"                     [id=7032, stack(0x000000190ed00000,0x000000190ee00000) (1024K)]
  0x000001bc3fb05340 WorkerThread "GC Thread#9"                     [id=13548, stack(0x000000190ee00000,0x000000190ef00000) (1024K)]
  0x000001bc220f1d00 ConcurrentGCThread "G1 Main Marker"            [id=14148, stack(0x000000190cb00000,0x000000190cc00000) (1024K)]
  0x000001bc220f2710 WorkerThread "G1 Conc#0"                       [id=20932, stack(0x000000190cc00000,0x000000190cd00000) (1024K)]
  0x000001bc3fb04860 WorkerThread "G1 Conc#1"                       [id=2744, stack(0x000000190ef00000,0x000000190f000000) (1024K)]
  0x000001bc3fb05a80 WorkerThread "G1 Conc#2"                       [id=20424, stack(0x000000190f000000,0x000000190f100000) (1024K)]
  0x000001bc39a14a10 ConcurrentGCThread "G1 Refine#0"               [id=11392, stack(0x000000190cd00000,0x000000190ce00000) (1024K)]
  0x000001bc39a16240 ConcurrentGCThread "G1 Service"                [id=21572, stack(0x000000190ce00000,0x000000190cf00000) (1024K)]
Total: 18

Threads with active compile tasks:
C2 CompilerThread1     8057 3461       4       java.net.URLStreamHandler::toExternalForm (156 bytes)
Total: 1

VM state: at safepoint (normal execution)

VM Mutex/Monitor currently owned by a thread:  ([mutex/lock_event])
[0x00007ffb791f72f8] Threads_lock - owner thread: 0x000001bc3e026840
[0x00007ffb791f73f8] Heap_lock - owner thread: 0x000001bc3fe61050

Heap address: 0x0000000080000000, size: 2048 MB, Compressed Oops mode: 32-bit

CDS archive(s) not mapped
Compressed class space mapped at: 0x0000000100000000-0x0000000140000000, reserved size: 1073741824
Narrow klass base: 0x0000000000000000, Narrow klass shift: 3, Narrow klass range: 0x140000000

GC Precious Log:
 CardTable entry size: 512
 Card Set container configuration: InlinePtr #cards 5 size 8 Array Of Cards #cards 12 size 40 Howl #buckets 4 coarsen threshold 1843 Howl Bitmap #cards 512 size 80 coarsen threshold 460 Card regions per heap region 1 cards per card region 2048
 CPUs: 12 total, 12 available
 Memory: 7916M
 Large Page Support: Disabled
 NUMA Support: Disabled
 Compressed Oops: Enabled (32-bit)
 Heap Region Size: 1M
 Heap Min Capacity: 8M
 Heap Initial Capacity: 124M
 Heap Max Capacity: 2G
 Pre-touch: Disabled
 Parallel Workers: 10
 Concurrent Workers: 3
 Concurrent Refinement Workers: 10
 Periodic GC: Disabled

Heap:
 garbage-first heap   total 92160K, used 43381K [0x0000000080000000, 0x0000000100000000)
  region size 1024K, 1 young (1024K), 1 survivors (1024K)
 Metaspace       used 35405K, committed 36288K, reserved 1114112K
  class space    used 4759K, committed 5184K, reserved 1048576K

Heap Regions: E=young(eden), S=young(survivor), O=old, HS=humongous(starts), HC=humongous(continues), CS=collection set, F=free, TAMS=top-at-mark-start, PB=parsable bottom
|   0|0x0000000080000000, 0x0000000080100000, 0x0000000080100000|100%| O|  |TAMS 0x0000000080100000| PB 0x0000000080000000| Untracked 
|   1|0x0000000080100000, 0x0000000080200000, 0x0000000080200000|100%| O|  |TAMS 0x0000000080200000| PB 0x0000000080100000| Untracked 
|   2|0x0000000080200000, 0x0000000080300000, 0x0000000080300000|100%|HS|  |TAMS 0x0000000080300000| PB 0x0000000080200000| Complete 
|   3|0x0000000080300000, 0x0000000080400000, 0x0000000080400000|100%|HC|  |TAMS 0x0000000080400000| PB 0x0000000080300000| Complete 
|   4|0x0000000080400000, 0x0000000080500000, 0x0000000080500000|100%|HC|  |TAMS 0x0000000080500000| PB 0x0000000080400000| Complete 
|   5|0x0000000080500000, 0x0000000080600000, 0x0000000080600000|100%|HC|  |TAMS 0x0000000080600000| PB 0x0000000080500000| Complete 
|   6|0x0000000080600000, 0x0000000080700000, 0x0000000080700000|100%| O|  |TAMS 0x0000000080700000| PB 0x0000000080600000| Untracked 
|   7|0x0000000080700000, 0x0000000080800000, 0x0000000080800000|100%| O|  |TAMS 0x0000000080800000| PB 0x0000000080700000| Untracked 
|   8|0x0000000080800000, 0x0000000080900000, 0x0000000080900000|100%|HS|  |TAMS 0x0000000080900000| PB 0x0000000080800000| Complete 
|   9|0x0000000080900000, 0x0000000080a00000, 0x0000000080a00000|100%|HS|  |TAMS 0x0000000080a00000| PB 0x0000000080900000| Complete 
|  10|0x0000000080a00000, 0x0000000080b00000, 0x0000000080b00000|100%| O|  |TAMS 0x0000000080b00000| PB 0x0000000080a00000| Untracked 
|  11|0x0000000080b00000, 0x0000000080c00000, 0x0000000080c00000|100%| O|  |TAMS 0x0000000080c00000| PB 0x0000000080b00000| Untracked 
|  12|0x0000000080c00000, 0x0000000080d00000, 0x0000000080d00000|100%| O|  |TAMS 0x0000000080d00000| PB 0x0000000080c00000| Untracked 
|  13|0x0000000080d00000, 0x0000000080df7538, 0x0000000080e00000| 96%| O|  |TAMS 0x0000000080df7538| PB 0x0000000080d00000| Untracked 
|  14|0x0000000080e00000, 0x0000000080f00000, 0x0000000080f00000|100%|HS|  |TAMS 0x0000000080f00000| PB 0x0000000080e00000| Complete 
|  15|0x0000000080f00000, 0x0000000081000000, 0x0000000081000000|100%|HC|  |TAMS 0x0000000081000000| PB 0x0000000080f00000| Complete 
|  16|0x0000000081000000, 0x0000000081100000, 0x0000000081100000|100%|HC|  |TAMS 0x0000000081100000| PB 0x0000000081000000| Complete 
|  17|0x0000000081100000, 0x0000000081200000, 0x0000000081200000|100%|HC|  |TAMS 0x0000000081200000| PB 0x0000000081100000| Complete 
|  18|0x0000000081200000, 0x0000000081300000, 0x0000000081300000|100%|HC|  |TAMS 0x0000000081300000| PB 0x0000000081200000| Complete 
|  19|0x0000000081300000, 0x0000000081400000, 0x0000000081400000|100%|HC|  |TAMS 0x0000000081400000| PB 0x0000000081300000| Complete 
|  20|0x0000000081400000, 0x0000000081500000, 0x0000000081500000|100%|HS|  |TAMS 0x0000000081500000| PB 0x0000000081400000| Complete 
|  21|0x0000000081500000, 0x0000000081600000, 0x0000000081600000|100%|HC|  |TAMS 0x0000000081600000| PB 0x0000000081500000| Complete 
|  22|0x0000000081600000, 0x0000000081700000, 0x0000000081700000|100%|HC|  |TAMS 0x0000000081700000| PB 0x0000000081600000| Complete 
|  23|0x0000000081700000, 0x0000000081800000, 0x0000000081800000|100%|HS|  |TAMS 0x0000000081800000| PB 0x0000000081700000| Complete 
|  24|0x0000000081800000, 0x0000000081900000, 0x0000000081900000|100%|HC|  |TAMS 0x0000000081900000| PB 0x0000000081800000| Complete 
|  25|0x0000000081900000, 0x0000000081a00000, 0x0000000081a00000|100%| O|  |TAMS 0x0000000081a00000| PB 0x0000000081900000| Untracked 
|  26|0x0000000081a00000, 0x0000000081a00000, 0x0000000081b00000|  0%| F|  |TAMS 0x0000000081a00000| PB 0x0000000081a00000| Untracked 
|  27|0x0000000081b00000, 0x0000000081b00000, 0x0000000081c00000|  0%| F|  |TAMS 0x0000000081b00000| PB 0x0000000081b00000| Untracked 
|  28|0x0000000081c00000, 0x0000000081c00000, 0x0000000081d00000|  0%| F|  |TAMS 0x0000000081c00000| PB 0x0000000081c00000| Untracked 
|  29|0x0000000081d00000, 0x0000000081d00000, 0x0000000081e00000|  0%| F|  |TAMS 0x0000000081d00000| PB 0x0000000081d00000| Untracked 
|  30|0x0000000081e00000, 0x0000000081e00000, 0x0000000081f00000|  0%| F|  |TAMS 0x0000000081e00000| PB 0x0000000081e00000| Untracked 
|  31|0x0000000081f00000, 0x0000000081f00000, 0x0000000082000000|  0%| F|  |TAMS 0x0000000081f00000| PB 0x0000000081f00000| Untracked 
|  32|0x0000000082000000, 0x0000000082100000, 0x0000000082100000|100%| O|  |TAMS 0x0000000082000000| PB 0x0000000082000000| Untracked 
|  33|0x0000000082100000, 0x0000000082200000, 0x0000000082200000|100%| O|  |TAMS 0x0000000082100000| PB 0x0000000082100000| Untracked 
|  34|0x0000000082200000, 0x0000000082300000, 0x0000000082300000|100%| O|  |TAMS 0x0000000082200000| PB 0x0000000082200000| Untracked 
|  35|0x0000000082300000, 0x0000000082400000, 0x0000000082400000|100%| O|  |TAMS 0x0000000082300000| PB 0x0000000082300000| Untracked 
|  36|0x0000000082400000, 0x0000000082500000, 0x0000000082500000|100%| O|  |TAMS 0x0000000082400000| PB 0x0000000082400000| Untracked 
|  37|0x0000000082500000, 0x0000000082600000, 0x0000000082600000|100%| O|  |TAMS 0x0000000082500000| PB 0x0000000082500000| Untracked 
|  38|0x0000000082600000, 0x0000000082666240, 0x0000000082700000| 39%| O|  |TAMS 0x0000000082600000| PB 0x0000000082600000| Untracked 
|  39|0x0000000082700000, 0x0000000082700000, 0x0000000082800000|  0%| F|  |TAMS 0x0000000082700000| PB 0x0000000082700000| Untracked 
|  40|0x0000000082800000, 0x0000000082800000, 0x0000000082900000|  0%| F|  |TAMS 0x0000000082800000| PB 0x0000000082800000| Untracked 
|  41|0x0000000082900000, 0x0000000082900000, 0x0000000082a00000|  0%| F|  |TAMS 0x0000000082900000| PB 0x0000000082900000| Untracked 
|  42|0x0000000082a00000, 0x0000000082a00000, 0x0000000082b00000|  0%| F|  |TAMS 0x0000000082a00000| PB 0x0000000082a00000| Untracked 
|  43|0x0000000082b00000, 0x0000000082b00000, 0x0000000082c00000|  0%| F|  |TAMS 0x0000000082b00000| PB 0x0000000082b00000| Untracked 
|  44|0x0000000082c00000, 0x0000000082c00000, 0x0000000082d00000|  0%| F|  |TAMS 0x0000000082c00000| PB 0x0000000082c00000| Untracked 
|  45|0x0000000082d00000, 0x0000000082d00000, 0x0000000082e00000|  0%| F|  |TAMS 0x0000000082d00000| PB 0x0000000082d00000| Untracked 
|  46|0x0000000082e00000, 0x0000000082e00000, 0x0000000082f00000|  0%| F|  |TAMS 0x0000000082e00000| PB 0x0000000082e00000| Untracked 
|  47|0x0000000082f00000, 0x0000000082f00000, 0x0000000083000000|  0%| F|  |TAMS 0x0000000082f00000| PB 0x0000000082f00000| Untracked 
|  48|0x0000000083000000, 0x0000000083000000, 0x0000000083100000|  0%| F|  |TAMS 0x0000000083000000| PB 0x0000000083000000| Untracked 
|  49|0x0000000083100000, 0x0000000083100000, 0x0000000083200000|  0%| F|  |TAMS 0x0000000083100000| PB 0x0000000083100000| Untracked 
|  50|0x0000000083200000, 0x0000000083200000, 0x0000000083300000|  0%| F|  |TAMS 0x0000000083200000| PB 0x0000000083200000| Untracked 
|  51|0x0000000083300000, 0x0000000083300000, 0x0000000083400000|  0%| F|  |TAMS 0x0000000083300000| PB 0x0000000083300000| Untracked 
|  52|0x0000000083400000, 0x0000000083400000, 0x0000000083500000|  0%| F|  |TAMS 0x0000000083400000| PB 0x0000000083400000| Untracked 
|  53|0x0000000083500000, 0x0000000083500000, 0x0000000083600000|  0%| F|  |TAMS 0x0000000083500000| PB 0x0000000083500000| Untracked 
|  54|0x0000000083600000, 0x0000000083600000, 0x0000000083700000|  0%| F|  |TAMS 0x0000000083600000| PB 0x0000000083600000| Untracked 
|  55|0x0000000083700000, 0x0000000083700000, 0x0000000083800000|  0%| F|  |TAMS 0x0000000083700000| PB 0x0000000083700000| Untracked 
|  56|0x0000000083800000, 0x0000000083800000, 0x0000000083900000|  0%| F|  |TAMS 0x0000000083800000| PB 0x0000000083800000| Untracked 
|  57|0x0000000083900000, 0x0000000083900000, 0x0000000083a00000|  0%| F|  |TAMS 0x0000000083900000| PB 0x0000000083900000| Untracked 
|  58|0x0000000083a00000, 0x0000000083a00000, 0x0000000083b00000|  0%| F|  |TAMS 0x0000000083a00000| PB 0x0000000083a00000| Untracked 
|  59|0x0000000083b00000, 0x0000000083b00000, 0x0000000083c00000|  0%| F|  |TAMS 0x0000000083b00000| PB 0x0000000083b00000| Untracked 
|  60|0x0000000083c00000, 0x0000000083c00000, 0x0000000083d00000|  0%| F|  |TAMS 0x0000000083c00000| PB 0x0000000083c00000| Untracked 
|  61|0x0000000083d00000, 0x0000000083d00000, 0x0000000083e00000|  0%| F|  |TAMS 0x0000000083d00000| PB 0x0000000083d00000| Untracked 
|  62|0x0000000083e00000, 0x0000000083e00000, 0x0000000083f00000|  0%| F|  |TAMS 0x0000000083e00000| PB 0x0000000083e00000| Untracked 
|  63|0x0000000083f00000, 0x0000000083f00000, 0x0000000084000000|  0%| F|  |TAMS 0x0000000083f00000| PB 0x0000000083f00000| Untracked 
|  64|0x0000000084000000, 0x0000000084000000, 0x0000000084100000|  0%| F|  |TAMS 0x0000000084000000| PB 0x0000000084000000| Untracked 
|  65|0x0000000084100000, 0x0000000084100000, 0x0000000084200000|  0%| F|  |TAMS 0x0000000084100000| PB 0x0000000084100000| Untracked 
|  66|0x0000000084200000, 0x0000000084200000, 0x0000000084300000|  0%| F|  |TAMS 0x0000000084200000| PB 0x0000000084200000| Untracked 
|  67|0x0000000084300000, 0x0000000084300000, 0x0000000084400000|  0%| F|  |TAMS 0x0000000084300000| PB 0x0000000084300000| Untracked 
|  68|0x0000000084400000, 0x0000000084400000, 0x0000000084500000|  0%| F|  |TAMS 0x0000000084400000| PB 0x0000000084400000| Untracked 
|  69|0x0000000084500000, 0x0000000084500000, 0x0000000084600000|  0%| F|  |TAMS 0x0000000084500000| PB 0x0000000084500000| Untracked 
|  70|0x0000000084600000, 0x0000000084600000, 0x0000000084700000|  0%| F|  |TAMS 0x0000000084600000| PB 0x0000000084600000| Untracked 
|  71|0x0000000084700000, 0x0000000084700000, 0x0000000084800000|  0%| F|  |TAMS 0x0000000084700000| PB 0x0000000084700000| Untracked 
|  96|0x0000000086000000, 0x0000000086000000, 0x0000000086100000|  0%| F|  |TAMS 0x0000000086000000| PB 0x0000000086000000| Untracked 
|  97|0x0000000086100000, 0x0000000086100000, 0x0000000086200000|  0%| F|  |TAMS 0x0000000086100000| PB 0x0000000086100000| Untracked 
|  98|0x0000000086200000, 0x0000000086200000, 0x0000000086300000|  0%| F|  |TAMS 0x0000000086200000| PB 0x0000000086200000| Untracked 
|  99|0x0000000086300000, 0x0000000086400000, 0x0000000086400000|100%| S|CS|TAMS 0x0000000086300000| PB 0x0000000086300000| Complete 
| 100|0x0000000086400000, 0x0000000086400000, 0x0000000086500000|  0%| F|  |TAMS 0x0000000086400000| PB 0x0000000086400000| Untracked 
| 101|0x0000000086500000, 0x0000000086500000, 0x0000000086600000|  0%| F|  |TAMS 0x0000000086500000| PB 0x0000000086500000| Untracked 
| 102|0x0000000086600000, 0x0000000086600000, 0x0000000086700000|  0%| F|  |TAMS 0x0000000086600000| PB 0x0000000086600000| Untracked 
| 103|0x0000000086700000, 0x0000000086700000, 0x0000000086800000|  0%| F|  |TAMS 0x0000000086700000| PB 0x0000000086700000| Untracked 
| 123|0x0000000087b00000, 0x0000000087b00000, 0x0000000087c00000|  0%| F|  |TAMS 0x0000000087b00000| PB 0x0000000087b00000| Untracked 
|2039|0x00000000ff700000, 0x00000000ff800000, 0x00000000ff800000|100%| O|  |TAMS 0x00000000ff77e2a8| PB 0x00000000ff700000| Untracked 
|2040|0x00000000ff800000, 0x00000000ff900000, 0x00000000ff900000|100%| O|  |TAMS 0x00000000ff900000| PB 0x00000000ff800000| Untracked 
|2041|0x00000000ff900000, 0x00000000ffa00000, 0x00000000ffa00000|100%| O|  |TAMS 0x00000000ffa00000| PB 0x00000000ff900000| Untracked 
|2042|0x00000000ffa00000, 0x00000000ffb00000, 0x00000000ffb00000|100%| O|  |TAMS 0x00000000ffb00000| PB 0x00000000ffa00000| Untracked 
|2043|0x00000000ffb00000, 0x00000000ffc00000, 0x00000000ffc00000|100%| O|  |TAMS 0x00000000ffc00000| PB 0x00000000ffb00000| Untracked 
|2044|0x00000000ffc00000, 0x00000000ffd00000, 0x00000000ffd00000|100%| O|  |TAMS 0x00000000ffd00000| PB 0x00000000ffc00000| Untracked 
|2045|0x00000000ffd00000, 0x00000000ffe00000, 0x00000000ffe00000|100%| O|  |TAMS 0x00000000ffe00000| PB 0x00000000ffd00000| Untracked 
|2046|0x00000000ffe00000, 0x00000000fff00000, 0x00000000fff00000|100%| O|  |TAMS 0x00000000fff00000| PB 0x00000000ffe00000| Untracked 
|2047|0x00000000fff00000, 0x0000000100000000, 0x0000000100000000|100%| O|  |TAMS 0x0000000100000000| PB 0x00000000fff00000| Untracked 

Card table byte_map: [0x000001bc34b10000,0x000001bc34f10000] _byte_map_base: 0x000001bc34710000

Marking Bits: (CMBitMap*) 0x000001bc220e1420
 Bits: [0x000001bc34f10000, 0x000001bc36f10000)

Polling page: 0x000001bc1ff80000

Metaspace:

Usage:
  Non-class:     29.93 MB used.
      Class:      4.65 MB used.
       Both:     34.58 MB used.

Virtual space:
  Non-class space:       64.00 MB reserved,      30.38 MB ( 47%) committed,  1 nodes.
      Class space:        1.00 GB reserved,       5.06 MB ( <1%) committed,  1 nodes.
             Both:        1.06 GB reserved,      35.44 MB (  3%) committed. 

Chunk freelists:
   Non-Class:  716.00 KB
       Class:  10.75 MB
        Both:  11.45 MB

MaxMetaspaceSize: unlimited
CompressedClassSpaceSize: 1.00 GB
Initial GC threshold: 21.00 MB
Current GC threshold: 35.44 MB
CDS: off
 - commit_granule_bytes: 65536.
 - commit_granule_words: 8192.
 - virtual_space_node_default_size: 8388608.
 - enlarge_chunks_in_place: 1.
 - use_allocation_guard: 0.


Internal statistics:

num_allocs_failed_limit: 9.
num_arena_births: 1454.
num_arena_deaths: 0.
num_vsnodes_births: 2.
num_vsnodes_deaths: 0.
num_space_committed: 567.
num_space_uncommitted: 0.
num_chunks_returned_to_freelist: 9.
num_chunks_taken_from_freelist: 2660.
num_chunk_merges: 9.
num_chunk_splits: 1676.
num_chunks_enlarged: 1002.
num_inconsistent_stats: 0.

CodeHeap 'non-profiled nmethods': size=120000Kb used=2010Kb max_used=2010Kb free=117989Kb
 bounds [0x000001bc2cc90000, 0x000001bc2cf00000, 0x000001bc341c0000]
CodeHeap 'profiled nmethods': size=120000Kb used=6838Kb max_used=6838Kb free=113162Kb
 bounds [0x000001bc251c0000, 0x000001bc25870000, 0x000001bc2c6f0000]
CodeHeap 'non-nmethods': size=5760Kb used=1491Kb max_used=1531Kb free=4268Kb
 bounds [0x000001bc2c6f0000, 0x000001bc2c960000, 0x000001bc2cc90000]
 total_blobs=4052 nmethods=3470 adapters=486
 compilation: enabled
              stopped_count=0, restarted_count=0
 full_count=0

Compilation events (20 events):
Event: 6.002 Thread 0x000001bc3e09fec0 3458       3       java.lang.reflect.Constructor::isVarArgs (5 bytes)
Event: 6.002 Thread 0x000001bc3e106bd0 3461       4       java.net.URLStreamHandler::toExternalForm (156 bytes)
Event: 6.002 Thread 0x000001bc3e09fec0 nmethod 3458 0x000001bc2586a290 code [0x000001bc2586a440, 0x000001bc2586a620]
Event: 6.002 Thread 0x000001bc3e09fec0 3460       3       java.util.stream.AbstractPipeline::<init> (91 bytes)
Event: 6.003 Thread 0x000001bc3e09fec0 nmethod 3460 0x000001bc2586a710 code [0x000001bc2586a900, 0x000001bc2586af68]
Event: 6.003 Thread 0x000001bc3e09fec0 3463       3       java.lang.reflect.AccessibleObject::verifyAccess (55 bytes)
Event: 6.003 Thread 0x000001bc3e09fec0 nmethod 3463 0x000001bc2586b190 code [0x000001bc2586b3e0, 0x000001bc2586bf38]
Event: 6.003 Thread 0x000001bc3e09fec0 3464       3       java.lang.reflect.AccessibleObject::isAccessChecked (25 bytes)
Event: 6.003 Thread 0x000001bc3e09fec0 nmethod 3464 0x000001bc2586c210 code [0x000001bc2586c3e0, 0x000001bc2586c888]
Event: 6.003 Thread 0x000001bc3e09fec0 3465       1       java.io.ObjectStreamClass::getResolveException (5 bytes)
Event: 6.003 Thread 0x000001bc3e09fec0 nmethod 3465 0x000001bc2ce84990 code [0x000001bc2ce84b20, 0x000001bc2ce84be8]
Event: 6.004 Thread 0x000001bc3e09fec0 3466   !   3       java.net.URLClassLoader::findClass (47 bytes)
Event: 6.004 Thread 0x000001bc3e09fec0 nmethod 3466 0x000001bc2586ca10 code [0x000001bc2586cc00, 0x000001bc2586d2a0]
Event: 6.005 Thread 0x000001bc3e097410 nmethod 3453% 0x000001bc2ce84c90 code [0x000001bc2ce84e20, 0x000001bc2ce85450]
Event: 6.005 Thread 0x000001bc3e097410 3462       4       java.util.HashMap::containsKey (14 bytes)
Event: 6.006 Thread 0x000001bc3e09fec0 3471       3       jdk.internal.misc.CDS::isDumpingClassList (4 bytes)
Event: 6.006 Thread 0x000001bc3e09fec0 nmethod 3471 0x000001bc2586d510 code [0x000001bc2586d6a0, 0x000001bc2586d790]
Event: 6.007 Thread 0x000001bc3e097410 nmethod 3462 0x000001bc2ce85f90 code [0x000001bc2ce86140, 0x000001bc2ce86428]
Event: 6.007 Thread 0x000001bc3e097410 3469       4       java.lang.invoke.MemberName::initResolved (53 bytes)
Event: 6.007 Thread 0x000001bc3e097410 nmethod 3469 0x000001bc2ce86690 code [0x000001bc2ce86800, 0x000001bc2ce868e0]

GC Heap History (13 events):
Event: 0.344 GC heap before
{Heap before GC invocations=0 (full 0):
 garbage-first heap   total 126976K, used 22528K [0x0000000080000000, 0x0000000100000000)
  region size 1024K, 23 young (23552K), 0 survivors (0K)
 Metaspace       used 7987K, committed 8128K, reserved 1114112K
  class space    used 709K, committed 768K, reserved 1048576K
}
Event: 0.347 GC heap after
{Heap after GC invocations=1 (full 0):
 garbage-first heap   total 126976K, used 4736K [0x0000000080000000, 0x0000000100000000)
  region size 1024K, 3 young (3072K), 3 survivors (3072K)
 Metaspace       used 7987K, committed 8128K, reserved 1114112K
  class space    used 709K, committed 768K, reserved 1048576K
}
Event: 0.717 GC heap before
{Heap before GC invocations=1 (full 0):
 garbage-first heap   total 126976K, used 41600K [0x0000000080000000, 0x0000000100000000)
  region size 1024K, 35 young (35840K), 3 survivors (3072K)
 Metaspace       used 12076K, committed 12288K, reserved 1114112K
  class space    used 1273K, committed 1408K, reserved 1048576K
}
Event: 0.721 GC heap after
{Heap after GC invocations=2 (full 0):
 garbage-first heap   total 126976K, used 12355K [0x0000000080000000, 0x0000000100000000)
  region size 1024K, 4 young (4096K), 4 survivors (4096K)
 Metaspace       used 12076K, committed 12288K, reserved 1114112K
  class space    used 1273K, committed 1408K, reserved 1048576K
}
Event: 1.234 GC heap before
{Heap before GC invocations=2 (full 0):
 garbage-first heap   total 126976K, used 60483K [0x0000000080000000, 0x0000000100000000)
  region size 1024K, 49 young (50176K), 4 survivors (4096K)
 Metaspace       used 14832K, committed 14976K, reserved 1114112K
  class space    used 1610K, committed 1664K, reserved 1048576K
}
Event: 1.242 GC heap after
{Heap after GC invocations=3 (full 0):
 garbage-first heap   total 126976K, used 18695K [0x0000000080000000, 0x0000000100000000)
  region size 1024K, 7 young (7168K), 7 survivors (7168K)
 Metaspace       used 14832K, committed 14976K, reserved 1114112K
  class space    used 1610K, committed 1664K, reserved 1048576K
}
Event: 1.503 GC heap before
{Heap before GC invocations=3 (full 0):
 garbage-first heap   total 126976K, used 38151K [0x0000000080000000, 0x0000000100000000)
  region size 1024K, 27 young (27648K), 7 survivors (7168K)
 Metaspace       used 21181K, committed 21504K, reserved 1114112K
  class space    used 2430K, committed 2624K, reserved 1048576K
}
Event: 1.507 GC heap after
{Heap after GC invocations=4 (full 0):
 garbage-first heap   total 126976K, used 21914K [0x0000000080000000, 0x0000000100000000)
  region size 1024K, 8 young (8192K), 8 survivors (8192K)
 Metaspace       used 21181K, committed 21504K, reserved 1114112K
  class space    used 2430K, committed 2624K, reserved 1048576K
}
Event: 2.286 GC heap before
{Heap before GC invocations=5 (full 0):
 garbage-first heap   total 75776K, used 75162K [0x0000000080000000, 0x0000000100000000)
  region size 1024K, 60 young (61440K), 8 survivors (8192K)
 Metaspace       used 29808K, committed 30400K, reserved 1114112K
  class space    used 3813K, committed 4096K, reserved 1048576K
}
Event: 2.292 GC heap after
{Heap after GC invocations=6 (full 0):
 garbage-first heap   total 87040K, used 24932K [0x0000000080000000, 0x0000000100000000)
  region size 1024K, 6 young (6144K), 6 survivors (6144K)
 Metaspace       used 29808K, committed 30400K, reserved 1114112K
  class space    used 3813K, committed 4096K, reserved 1048576K
}
Event: 4.919 GC heap before
{Heap before GC invocations=6 (full 0):
 garbage-first heap   total 87040K, used 78180K [0x0000000080000000, 0x0000000100000000)
  region size 1024K, 48 young (49152K), 6 survivors (6144K)
 Metaspace       used 35079K, committed 35968K, reserved 1114112K
  class space    used 4705K, committed 5120K, reserved 1048576K
}
Event: 5.942 GC heap after
{Heap after GC invocations=7 (full 0):
 garbage-first heap   total 92160K, used 41429K [0x0000000080000000, 0x0000000100000000)
  region size 1024K, 7 young (7168K), 7 survivors (7168K)
 Metaspace       used 35079K, committed 35968K, reserved 1114112K
  class space    used 4705K, committed 5120K, reserved 1048576K
}
Event: 6.010 GC heap before
{Heap before GC invocations=7 (full 0):
 garbage-first heap   total 92160K, used 46549K [0x0000000080000000, 0x0000000100000000)
  region size 1024K, 12 young (12288K), 7 survivors (7168K)
 Metaspace       used 35405K, committed 36288K, reserved 1114112K
  class space    used 4759K, committed 5184K, reserved 1048576K
}

Dll operation events (3 events):
Event: 0.007 Loaded shared library C:\Program Files\Android\Android Studio\jbr\bin\java.dll
Event: 0.009 Loaded shared library C:\Program Files\Android\Android Studio\jbr\bin\zip.dll
Event: 0.376 Loaded shared library C:\Program Files\Android\Android Studio\jbr\bin\verify.dll

Deoptimization events (20 events):
Event: 3.825 Thread 0x000001bc3fe61050 DEOPT PACKING pc=0x000001bc2cde4d4c sp=0x000000190e9fb570
Event: 3.825 Thread 0x000001bc3fe61050 DEOPT UNPACKING pc=0x000001bc2c7446a2 sp=0x000000190e9fb5a0 mode 2
Event: 3.826 Thread 0x000001bc3fe61050 Uncommon trap: trap_request=0xffffff45 fr.pc=0x000001bc2ce0c330 relative=0x00000000000068f0
Event: 3.826 Thread 0x000001bc3fe61050 Uncommon trap: reason=unstable_if action=reinterpret pc=0x000001bc2ce0c330 method=java.net.URLClassLoader.getAndVerifyPackage(Ljava/lang/String;Ljava/util/jar/Manifest;Ljava/net/URL;)Ljava/lang/Package; @ 62 c2
Event: 3.826 Thread 0x000001bc3fe61050 DEOPT PACKING pc=0x000001bc2ce0c330 sp=0x000000190e9fb900
Event: 3.826 Thread 0x000001bc3fe61050 DEOPT UNPACKING pc=0x000001bc2c7446a2 sp=0x000000190e9fb698 mode 2
Event: 3.827 Thread 0x000001bc3fe61050 Uncommon trap: trap_request=0xffffff45 fr.pc=0x000001bc2cdfcdf0 relative=0x0000000000005c30
Event: 3.827 Thread 0x000001bc3fe61050 Uncommon trap: reason=unstable_if action=reinterpret pc=0x000001bc2cdfcdf0 method=java.util.zip.ZipFile.getInputStream(Ljava/util/zip/ZipEntry;)Ljava/io/InputStream; @ 101 c2
Event: 3.827 Thread 0x000001bc3fe61050 DEOPT PACKING pc=0x000001bc2cdfcdf0 sp=0x000000190e9f7b60
Event: 3.827 Thread 0x000001bc3fe61050 DEOPT UNPACKING pc=0x000001bc2c7446a2 sp=0x000000190e9f7840 mode 2
Event: 3.838 Thread 0x000001bc3fe61050 DEOPT PACKING pc=0x000001bc256b8089 sp=0x000000190e9fae30
Event: 3.838 Thread 0x000001bc3fe61050 DEOPT UNPACKING pc=0x000001bc2c744e42 sp=0x000000190e9fa330 mode 0
Event: 4.912 Thread 0x000001bc3fe61050 DEOPT PACKING pc=0x000001bc254532e1 sp=0x000000190e9f9710
Event: 4.912 Thread 0x000001bc3fe61050 DEOPT UNPACKING pc=0x000001bc2c744e42 sp=0x000000190e9f8c80 mode 0
Event: 5.972 Thread 0x000001bc3fe61050 DEOPT PACKING pc=0x000001bc254532e1 sp=0x000000190e9f9700
Event: 5.972 Thread 0x000001bc3fe61050 DEOPT UNPACKING pc=0x000001bc2c744e42 sp=0x000000190e9f8c70 mode 0
Event: 5.985 Thread 0x000001bc3fe61050 DEOPT PACKING pc=0x000001bc257a67f3 sp=0x000000190e9fad80
Event: 5.985 Thread 0x000001bc3fe61050 DEOPT UNPACKING pc=0x000001bc2c744e42 sp=0x000000190e9fa230 mode 0
Event: 5.995 Thread 0x000001bc3fe61050 DEOPT PACKING pc=0x000001bc25842ab3 sp=0x000000190e9faec0
Event: 5.995 Thread 0x000001bc3fe61050 DEOPT UNPACKING pc=0x000001bc2c744e42 sp=0x000000190e9fa398 mode 0

Classes loaded (20 events):
Event: 2.448 Loading class java/io/UnsupportedEncodingException
Event: 2.448 Loading class java/io/UnsupportedEncodingException done
Event: 2.467 Loading class java/util/Collections$SingletonMap
Event: 2.467 Loading class java/util/Collections$SingletonMap done
Event: 2.562 Loading class java/util/concurrent/TimeoutException
Event: 2.562 Loading class java/util/concurrent/TimeoutException done
Event: 2.562 Loading class java/util/concurrent/CancellationException
Event: 2.562 Loading class java/util/concurrent/CancellationException done
Event: 2.578 Loading class java/util/concurrent/locks/AbstractQueuedSynchronizer$SharedNode
Event: 2.578 Loading class java/util/concurrent/locks/AbstractQueuedSynchronizer$SharedNode done
Event: 2.581 Loading class java/io/InterruptedIOException
Event: 2.581 Loading class java/io/InterruptedIOException done
Event: 2.584 Loading class java/util/ArrayDeque$DeqSpliterator
Event: 2.584 Loading class java/util/ArrayDeque$DeqSpliterator done
Event: 2.589 Loading class java/nio/charset/CharacterCodingException
Event: 2.589 Loading class java/nio/charset/CharacterCodingException done
Event: 2.590 Loading class java/lang/Short$ShortCache
Event: 2.590 Loading class java/lang/Short$ShortCache done
Event: 2.747 Loading class sun/nio/fs/WindowsPath$1
Event: 2.747 Loading class sun/nio/fs/WindowsPath$1 done

Classes unloaded (0 events):
No events

Classes redefined (0 events):
No events

Internal exceptions (20 events):
Event: 5.984 Thread 0x000001bc3fe61050 Exception <a 'java/lang/NoSuchMethodError'{0x00000000866ac6e8}: static Lorg/jetbrains/plugins/gradle/model/IntelliJSettings;.<clinit>()V> (0x00000000866ac6e8) 
thrown [s\src\hotspot\share\prims\jni.cpp, line 1135]
Event: 5.985 Thread 0x000001bc3fe61050 Exception <a 'java/lang/NoSuchMethodError'{0x00000000866bcb80}: static Lorg/jetbrains/plugins/gradle/model/DependencyAccessorsModel;.<clinit>()V> (0x00000000866bcb80) 
thrown [s\src\hotspot\share\prims\jni.cpp, line 1135]
Event: 5.989 Thread 0x000001bc3fe61050 Exception <a 'java/lang/NoSuchMethodError'{0x00000000866ea718}: static Lcom/intellij/gradle/toolingExtension/impl/model/buildScriptClasspathModel/GradleBuildScriptClasspathModelProvider;.<clinit>()V> (0x00000000866ea718) 
thrown [s\src\hotspot\share\prims\jni.cpp, line 1135]
Event: 5.991 Thread 0x000001bc3fe61050 Exception <a 'java/lang/NoSuchMethodError'{0x0000000086501c78}: static Lcom/intellij/gradle/toolingExtension/impl/model/taskModel/GradleTaskModelProvider;.<clinit>()V> (0x0000000086501c78) 
thrown [s\src\hotspot\share\prims\jni.cpp, line 1135]
Event: 5.993 Thread 0x000001bc3fe61050 Exception <a 'java/lang/NoSuchMethodError'{0x0000000086519740}: static Lcom/intellij/gradle/toolingExtension/impl/model/sourceSetModel/GradleSourceSetModelProvider;.<clinit>()V> (0x0000000086519740) 
thrown [s\src\hotspot\share\prims\jni.cpp, line 1135]
Event: 5.995 Thread 0x000001bc3fe61050 Exception <a 'java/lang/NoSuchMethodError'{0x0000000086532248}: static Lcom/intellij/gradle/toolingExtension/impl/model/sourceSetDependencyModel/GradleSourceSetDependencyModelProvider;.<clinit>()V> (0x0000000086532248) 
thrown [s\src\hotspot\share\prims\jni.cpp, line 1135]
Event: 5.997 Thread 0x000001bc3fe61050 Exception <a 'java/lang/NoSuchMethodError'{0x000000008655a168}: static Lorg/jetbrains/plugins/gradle/model/ExternalProjectDependency;.<clinit>()V> (0x000000008655a168) 
thrown [s\src\hotspot\share\prims\jni.cpp, line 1135]
Event: 5.998 Thread 0x000001bc3fe61050 Exception <a 'java/lang/NoSuchMethodError'{0x000000008656a010}: static Lorg/jetbrains/plugins/gradle/model/ExternalLibraryDependency;.<clinit>()V> (0x000000008656a010) 
thrown [s\src\hotspot\share\prims\jni.cpp, line 1135]
Event: 5.998 Thread 0x000001bc3fe61050 Exception <a 'java/lang/NoSuchMethodError'{0x0000000086579880}: static Lorg/jetbrains/plugins/gradle/model/FileCollectionDependency;.<clinit>()V> (0x0000000086579880) 
thrown [s\src\hotspot\share\prims\jni.cpp, line 1135]
Event: 5.999 Thread 0x000001bc3fe61050 Exception <a 'java/lang/NoSuchMethodError'{0x0000000086588ed0}: static Lorg/jetbrains/plugins/gradle/model/UnresolvedExternalDependency;.<clinit>()V> (0x0000000086588ed0) 
thrown [s\src\hotspot\share\prims\jni.cpp, line 1135]
Event: 6.002 Thread 0x000001bc3fe61050 Exception <a 'java/lang/NoSuchMethodError'{0x0000000086448c00}: static Lorg/gradle/tooling/internal/consumer/versioning/VersionDetails;.<clinit>()V> (0x0000000086448c00) 
thrown [s\src\hotspot\share\prims\jni.cpp, line 1135]
Event: 6.003 Thread 0x000001bc3fe61050 Exception <a 'java/lang/NoSuchMethodError'{0x000000008644b870}: static Lorg/gradle/tooling/internal/consumer/versioning/VersionDetails$R26VersionDetails;.<clinit>()V> (0x000000008644b870) 
thrown [s\src\hotspot\share\prims\jni.cpp, line 1135]
Event: 6.003 Thread 0x000001bc3fe61050 Exception <a 'java/lang/NoSuchMethodError'{0x000000008644cf08}: static Lorg/gradle/tooling/internal/consumer/versioning/VersionDetails$R28VersionDetails;.<clinit>()V> (0x000000008644cf08) 
thrown [s\src\hotspot\share\prims\jni.cpp, line 1135]
Event: 6.003 Thread 0x000001bc3fe61050 Exception <a 'java/lang/NoSuchMethodError'{0x000000008644e4b0}: static Lorg/gradle/tooling/internal/consumer/versioning/VersionDetails$R35VersionDetails;.<clinit>()V> (0x000000008644e4b0) 
thrown [s\src\hotspot\share\prims\jni.cpp, line 1135]
Event: 6.003 Thread 0x000001bc3fe61050 Exception <a 'java/lang/NoSuchMethodError'{0x000000008644fc20}: static Lorg/gradle/tooling/internal/consumer/versioning/VersionDetails$R44VersionDetails;.<clinit>()V> (0x000000008644fc20) 
thrown [s\src\hotspot\share\prims\jni.cpp, line 1135]
Event: 6.003 Thread 0x000001bc3fe61050 Exception <a 'java/lang/NoSuchMethodError'{0x00000000864512c8}: static Lorg/gradle/tooling/internal/consumer/versioning/VersionDetails$R48VersionDetails;.<clinit>()V> (0x00000000864512c8) 
thrown [s\src\hotspot\share\prims\jni.cpp, line 1135]
Event: 6.003 Thread 0x000001bc3fe61050 Exception <a 'java/lang/NoSuchMethodError'{0x0000000086452560}: static Lorg/gradle/tooling/internal/consumer/versioning/VersionDetails$R51VersionDetails;.<clinit>()V> (0x0000000086452560) 
thrown [s\src\hotspot\share\prims\jni.cpp, line 1135]
Event: 6.006 Thread 0x000001bc3fe61050 Exception <a 'java/lang/NoSuchMethodError'{0x0000000086470168}: 'java.lang.Object java.lang.invoke.DirectMethodHandle$Holder.newInvokeSpecial(java.lang.Object, java.lang.Object, java.lang.Object, int)'> (0x0000000086470168) 
thrown [s\src\hotspot\share\interpreter\linkResolver.cpp, line 784]
Event: 6.006 Thread 0x000001bc3fe61050 Exception <a 'java/lang/NoSuchMethodError'{0x00000000864745d0}: 'java.lang.Object java.lang.invoke.DirectMethodHandle$Holder.invokeSpecial(java.lang.Object, java.lang.Object, java.lang.Object, java.lang.Object, int)'> (0x00000000864745d0) 
thrown [s\src\hotspot\share\interpreter\linkResolver.cpp, line 784]
Event: 6.006 Thread 0x000001bc3fe61050 Exception <a 'java/lang/NoSuchMethodError'{0x00000000864781d8}: 'java.lang.Object java.lang.invoke.Invokers$Holder.linkToTargetMethod(java.lang.Object, java.lang.Object, int, java.lang.Object)'> (0x00000000864781d8) 
thrown [s\src\hotspot\share\interpreter\linkResolver.cpp, line 784]

ZGC Phase Switch (0 events):
No events

VM Operations (20 events):
Event: 1.977 Executing VM operation: HandshakeAllThreads (Deoptimize) done
Event: 1.978 Executing VM operation: HandshakeAllThreads (Deoptimize)
Event: 1.978 Executing VM operation: HandshakeAllThreads (Deoptimize) done
Event: 2.202 Executing VM operation: ICBufferFull
Event: 2.202 Executing VM operation: ICBufferFull done
Event: 2.286 Executing VM operation: G1CollectForAllocation (G1 Evacuation Pause)
Event: 2.292 Executing VM operation: G1CollectForAllocation (G1 Evacuation Pause) done
Event: 2.698 Executing VM operation: HandshakeAllThreads (Deoptimize)
Event: 2.698 Executing VM operation: HandshakeAllThreads (Deoptimize) done
Event: 2.699 Executing VM operation: HandshakeAllThreads (Deoptimize)
Event: 2.699 Executing VM operation: HandshakeAllThreads (Deoptimize) done
Event: 2.743 Executing VM operation: ICBufferFull
Event: 2.743 Executing VM operation: ICBufferFull done
Event: 3.743 Executing VM operation: Cleanup
Event: 3.775 Executing VM operation: Cleanup done
Event: 4.785 Executing VM operation: Cleanup
Event: 4.864 Executing VM operation: Cleanup done
Event: 4.919 Executing VM operation: CollectForMetadataAllocation (Metadata GC Threshold)
Event: 5.942 Executing VM operation: CollectForMetadataAllocation (Metadata GC Threshold) done
Event: 6.010 Executing VM operation: CollectForMetadataAllocation (Metadata GC Threshold)

Memory protections (0 events):
No events

Nmethod flushes (0 events):
No events

Events (20 events):
Event: 2.462 Thread 0x000001bc3fe61050 Thread added: 0x000001bc3fe609c0
Event: 2.468 Thread 0x000001bc3fe61050 Thread added: 0x000001bc40ff2500
Event: 2.578 Thread 0x000001bc3fe61050 Thread added: 0x000001bc40ff1e70
Event: 2.582 Thread 0x000001bc3fe61050 Thread added: 0x000001bc40ff4c60
Event: 2.701 Thread 0x000001bc3e4d87c0 Thread exited: 0x000001bc3e4d87c0
Event: 2.704 Thread 0x000001bc3e09fec0 Thread added: 0x000001bc3e4d87c0
Event: 2.746 Thread 0x000001bc3fe61050 Thread added: 0x000001bc40ff17e0
Event: 2.746 Thread 0x000001bc3fe61050 Thread added: 0x000001bc40ff6010
Event: 2.746 Thread 0x000001bc3fe61050 Thread added: 0x000001bc40ff38b0
Event: 2.746 Thread 0x000001bc3fe61050 Thread added: 0x000001bc40ff5980
Event: 2.746 Thread 0x000001bc3fe61050 Thread added: 0x000001bc40ff45d0
Event: 2.746 Thread 0x000001bc3fe61050 Thread added: 0x000001bc40ff3220
Event: 2.746 Thread 0x000001bc3fe61050 Thread added: 0x000001bc40ff52f0
Event: 2.747 Thread 0x000001bc3fe61050 Thread added: 0x000001bc40ff2b90
Event: 2.747 Thread 0x000001bc3fe61050 Thread added: 0x000001bc40ff66a0
Event: 2.747 Thread 0x000001bc3fe61050 Thread added: 0x000001bc40ff6d30
Event: 2.747 Thread 0x000001bc3fe61050 Thread added: 0x000001bc40ff73c0
Event: 2.747 Thread 0x000001bc3fe61050 Thread added: 0x000001bc40ff3f40
Event: 3.775 Thread 0x000001bc3e4d87c0 Thread exited: 0x000001bc3e4d87c0
Event: 5.977 Thread 0x000001bc3e09fec0 Thread added: 0x000001bc3e106bd0


Dynamic libraries:
0x00007ff606db0000 - 0x00007ff606dba000 	C:\Program Files\Android\Android Studio\jbr\bin\java.exe
0x00007ffbc5140000 - 0x00007ffbc53a3000 	C:\WINDOWS\SYSTEM32\ntdll.dll
0x00007ffbc3830000 - 0x00007ffbc38f7000 	C:\WINDOWS\System32\KERNEL32.DLL
0x00007ffbc27f0000 - 0x00007ffbc2ba1000 	C:\WINDOWS\System32\KERNELBASE.dll
0x00007ffbbc060000 - 0x00007ffbbc0fc000 	C:\WINDOWS\SYSTEM32\apphelp.dll
0x00007ffbc2540000 - 0x00007ffbc268b000 	C:\WINDOWS\System32\ucrtbase.dll
0x00007ffbac8d0000 - 0x00007ffbac8eb000 	C:\Program Files\Android\Android Studio\jbr\bin\VCRUNTIME140.dll
0x00007ffbaca80000 - 0x00007ffbaca98000 	C:\Program Files\Android\Android Studio\jbr\bin\jli.dll
0x00007ffbc4990000 - 0x00007ffbc4b53000 	C:\WINDOWS\System32\USER32.dll
0x00007ffbc2d90000 - 0x00007ffbc2db7000 	C:\WINDOWS\System32\win32u.dll
0x00007ffbc36a0000 - 0x00007ffbc36ca000 	C:\WINDOWS\System32\GDI32.dll
0x00007ffb9a480000 - 0x00007ffb9a710000 	C:\WINDOWS\WinSxS\amd64_microsoft.windows.common-controls_6595b64144ccf1df_6.0.26100.1642_none_3e0a93bae3326442\COMCTL32.dll
0x00007ffbc2c60000 - 0x00007ffbc2d85000 	C:\WINDOWS\System32\gdi32full.dll
0x00007ffbc35e0000 - 0x00007ffbc3689000 	C:\WINDOWS\System32\msvcrt.dll
0x00007ffbc2bb0000 - 0x00007ffbc2c53000 	C:\WINDOWS\System32\msvcp_win.dll
0x00007ffbc34d0000 - 0x00007ffbc34ff000 	C:\WINDOWS\System32\IMM32.DLL
0x00007ffbac8b0000 - 0x00007ffbac8bc000 	C:\Program Files\Android\Android Studio\jbr\bin\vcruntime140_1.dll
0x00007ffb94d20000 - 0x00007ffb94dad000 	C:\Program Files\Android\Android Studio\jbr\bin\msvcp140.dll
0x00007ffb78650000 - 0x00007ffb792d3000 	C:\Program Files\Android\Android Studio\jbr\bin\server\jvm.dll
0x00007ffbc3520000 - 0x00007ffbc35d2000 	C:\WINDOWS\System32\ADVAPI32.dll
0x00007ffbc36d0000 - 0x00007ffbc3776000 	C:\WINDOWS\System32\sechost.dll
0x00007ffbc4da0000 - 0x00007ffbc4eb6000 	C:\WINDOWS\System32\RPCRT4.dll
0x00007ffbc4d20000 - 0x00007ffbc4d94000 	C:\WINDOWS\System32\WS2_32.dll
0x00007ffbc18a0000 - 0x00007ffbc18ee000 	C:\WINDOWS\SYSTEM32\POWRPROF.dll
0x00007ffbaac30000 - 0x00007ffbaac3b000 	C:\WINDOWS\SYSTEM32\VERSION.dll
0x00007ffbb5910000 - 0x00007ffbb5946000 	C:\WINDOWS\SYSTEM32\WINMM.dll
0x00007ffbc1780000 - 0x00007ffbc1794000 	C:\WINDOWS\SYSTEM32\UMPDC.dll
0x00007ffbc13a0000 - 0x00007ffbc13ba000 	C:\WINDOWS\SYSTEM32\kernel.appcore.dll
0x00007ffbac760000 - 0x00007ffbac76a000 	C:\Program Files\Android\Android Studio\jbr\bin\jimage.dll
0x00007ffbbfe60000 - 0x00007ffbc00a1000 	C:\WINDOWS\SYSTEM32\DBGHELP.DLL
0x00007ffbc3150000 - 0x00007ffbc34cc000 	C:\WINDOWS\System32\combase.dll
0x00007ffbc3aa0000 - 0x00007ffbc3b76000 	C:\WINDOWS\System32\OLEAUT32.dll
0x00007ffb9f020000 - 0x00007ffb9f059000 	C:\WINDOWS\SYSTEM32\dbgcore.DLL
0x00007ffbc2690000 - 0x00007ffbc2729000 	C:\WINDOWS\System32\bcryptPrimitives.dll
0x00007ffbaca70000 - 0x00007ffbaca7e000 	C:\Program Files\Android\Android Studio\jbr\bin\instrument.dll
0x00007ffbaa1e0000 - 0x00007ffbaa200000 	C:\Program Files\Android\Android Studio\jbr\bin\java.dll
0x00007ffbaa110000 - 0x00007ffbaa128000 	C:\Program Files\Android\Android Studio\jbr\bin\zip.dll
0x00007ffbc4030000 - 0x00007ffbc4728000 	C:\WINDOWS\System32\SHELL32.dll
0x00007ffbc0300000 - 0x00007ffbc0b2b000 	C:\WINDOWS\SYSTEM32\windows.storage.dll
0x00007ffbc4c40000 - 0x00007ffbc4d13000 	C:\WINDOWS\System32\SHCORE.dll
0x00007ffbc4ec0000 - 0x00007ffbc4f1d000 	C:\WINDOWS\System32\shlwapi.dll
0x00007ffbc2460000 - 0x00007ffbc2489000 	C:\WINDOWS\SYSTEM32\profapi.dll
0x00007ffbac750000 - 0x00007ffbac760000 	C:\Program Files\Android\Android Studio\jbr\bin\net.dll
0x00007ffbb9780000 - 0x00007ffbb98a6000 	C:\WINDOWS\SYSTEM32\WINHTTP.dll
0x00007ffbc19b0000 - 0x00007ffbc1a18000 	C:\WINDOWS\system32\mswsock.dll
0x00007ffba9ff0000 - 0x00007ffbaa006000 	C:\Program Files\Android\Android Studio\jbr\bin\nio.dll
0x00007ffba9eb0000 - 0x00007ffba9ec0000 	C:\Program Files\Android\Android Studio\jbr\bin\verify.dll
0x00007ffba9e70000 - 0x00007ffba9e97000 	C:\Users\User\.gradle\native\c067742578af261105cb4f569cf0c3c89f3d7b1fecec35dd04571415982c5e48\windows-amd64\native-platform.dll
0x00007ffb91ab0000 - 0x00007ffb91bf4000 	C:\Users\User\.gradle\native\100fb08df4bc3b14c8652ba06237920a3bd2aa13389f12d3474272988ae205f9\windows-amd64\native-platform-file-events.dll
0x00007ffba9f30000 - 0x00007ffba9f39000 	C:\Program Files\Android\Android Studio\jbr\bin\management.dll
0x00007ffba9f20000 - 0x00007ffba9f2b000 	C:\Program Files\Android\Android Studio\jbr\bin\management_ext.dll
0x00007ffbc3690000 - 0x00007ffbc3698000 	C:\WINDOWS\System32\PSAPI.DLL
0x00007ffbc1c60000 - 0x00007ffbc1c7c000 	C:\WINDOWS\SYSTEM32\CRYPTSP.dll
0x00007ffbc1300000 - 0x00007ffbc1338000 	C:\WINDOWS\system32\rsaenh.dll
0x00007ffbc1a50000 - 0x00007ffbc1a7b000 	C:\WINDOWS\SYSTEM32\USERENV.dll
0x00007ffbc1e90000 - 0x00007ffbc1eb6000 	C:\WINDOWS\SYSTEM32\bcrypt.dll
0x00007ffbc1c50000 - 0x00007ffbc1c5c000 	C:\WINDOWS\SYSTEM32\CRYPTBASE.dll
0x00007ffbc0de0000 - 0x00007ffbc0e11000 	C:\WINDOWS\SYSTEM32\IPHLPAPI.DLL
0x00007ffbc5060000 - 0x00007ffbc506a000 	C:\WINDOWS\System32\NSI.dll
0x00007ffba9fb0000 - 0x00007ffba9fb9000 	C:\Program Files\Android\Android Studio\jbr\bin\extnet.dll
0x00007ffba4b50000 - 0x00007ffba4b58000 	C:\WINDOWS\system32\wshunix.dll

dbghelp: loaded successfully - version: 4.0.5 - missing functions: none
symbol engine: initialized successfully - sym options: 0x614 - pdb path: .;C:\Program Files\Android\Android Studio\jbr\bin;C:\WINDOWS\SYSTEM32;C:\WINDOWS\WinSxS\amd64_microsoft.windows.common-controls_6595b64144ccf1df_6.0.26100.1642_none_3e0a93bae3326442;C:\Program Files\Android\Android Studio\jbr\bin\server;C:\Users\User\.gradle\native\c067742578af261105cb4f569cf0c3c89f3d7b1fecec35dd04571415982c5e48\windows-amd64;C:\Users\User\.gradle\native\100fb08df4bc3b14c8652ba06237920a3bd2aa13389f12d3474272988ae205f9\windows-amd64

VM Arguments:
jvm_args: --add-opens=java.base/java.util=ALL-UNNAMED --add-opens=java.base/java.lang=ALL-UNNAMED --add-opens=java.base/java.lang.invoke=ALL-UNNAMED --add-opens=java.prefs/java.util.prefs=ALL-UNNAMED --add-exports=jdk.compiler/com.sun.tools.javac.api=ALL-UNNAMED --add-exports=jdk.compiler/com.sun.tools.javac.util=ALL-UNNAMED --add-opens=java.base/java.nio.charset=ALL-UNNAMED --add-opens=java.base/java.net=ALL-UNNAMED --add-opens=java.base/java.util.concurrent.atomic=ALL-UNNAMED -Xmx2048m -Dfile.encoding=UTF-8 -Duser.country=US -Duser.language=en -Duser.variant -javaagent:C:\Users\User\.gradle\wrapper\dists\gradle-8.10.2-bin\a04bxjujx95o3nb99gddekhwo\gradle-8.10.2\lib\agents\gradle-instrumentation-agent-8.10.2.jar 
java_command: org.gradle.launcher.daemon.bootstrap.GradleDaemon 8.10.2
java_class_path (initial): C:\Users\User\.gradle\wrapper\dists\gradle-8.10.2-bin\a04bxjujx95o3nb99gddekhwo\gradle-8.10.2\lib\gradle-daemon-main-8.10.2.jar
Launcher Type: SUN_STANDARD

[Global flags]
     intx CICompilerCount                          = 4                                         {product} {ergonomic}
     uint ConcGCThreads                            = 3                                         {product} {ergonomic}
     uint G1ConcRefinementThreads                  = 10                                        {product} {ergonomic}
   size_t G1HeapRegionSize                         = 1048576                                   {product} {ergonomic}
    uintx GCDrainStackTargetSize                   = 64                                        {product} {ergonomic}
   size_t InitialHeapSize                          = 130023424                                 {product} {ergonomic}
   size_t MarkStackSize                            = 4194304                                   {product} {ergonomic}
   size_t MaxHeapSize                              = 2147483648                                {product} {command line}
   size_t MaxNewSize                               = 1287651328                                {product} {ergonomic}
   size_t MinHeapDeltaBytes                        = 1048576                                   {product} {ergonomic}
   size_t MinHeapSize                              = 8388608                                   {product} {ergonomic}
    uintx NonNMethodCodeHeapSize                   = 5839372                                {pd product} {ergonomic}
    uintx NonProfiledCodeHeapSize                  = 122909434                              {pd product} {ergonomic}
    uintx ProfiledCodeHeapSize                     = 122909434                              {pd product} {ergonomic}
    uintx ReservedCodeCacheSize                    = 251658240                              {pd product} {ergonomic}
     bool SegmentedCodeCache                       = true                                      {product} {ergonomic}
   size_t SoftMaxHeapSize                          = 2147483648                             {manageable} {ergonomic}
     bool UseCompressedOops                        = true                           {product lp64_product} {ergonomic}
     bool UseG1GC                                  = true                                      {product} {ergonomic}
     bool UseLargePagesIndividualAllocation        = false                                  {pd product} {ergonomic}

Logging:
Log output configuration:
 #0: stdout all=warning uptime,level,tags foldmultilines=false
 #1: stderr all=off uptime,level,tags foldmultilines=false

Environment Variables:
JAVA_HOME=C:\Program Files\Java\jdk-21
PATH=C:\Program Files\Common Files\Oracle\Java\javapath;C:\Program Files (x86)\Common Files\Oracle\Java\javapath;C:\ProgramData\Oracle\Java\javapath;C:\WINDOWS\system32;C:\WINDOWS;C:\WINDOWS\System32\Wbem;C:\WINDOWS\System32\WindowsPowerShell\v1.0\;C:\WINDOWS\System32\OpenSSH\;C:\Program Files\Java\jdk-21\bin;C:\Program Files\Git\cmd;C:\Program Files\nodejs\;C:\Users\User\AppData\Local\Microsoft\WindowsApps;C:\Users\User\AppData\Local\Programs\Microsoft VS Code\bin;C:\Program Files\JetBrains\IntelliJ IDEA Community Edition 2024.1.1\bin;;C:\Users\User\AppData\Local\GitHubDesktop\bin;C:\Users\User\AppData\Roaming\npm;C:\Users\User\AppData\Local\Programs\cursor\resources\app\bin
USERNAME=User
OS=Windows_NT
PROCESSOR_IDENTIFIER=Intel64 Family 6 Model 154 Stepping 4, GenuineIntel
TMP=C:\Users\User\AppData\Local\Temp
TEMP=C:\Users\User\AppData\Local\Temp




Periodic native trim disabled

JNI global refs:
JNI global refs: 25, weak refs: 0

JNI global refs memory usage: 835, weak refs: 833

Process memory usage:
Resident Set Size: 212508K (2% of 8106488K total physical memory with 613360K free physical memory)

OOME stack traces (most recent first):
Classloader memory used:
Loader bootstrap                                                                       : 17548K
Loader org.gradle.internal.classloader.VisitableURLClassLoader                         : 14911K
Loader org.gradle.initialization.MixInLegacyTypesClassLoader                           : 2086K
Loader org.gradle.internal.classloader.VisitableURLClassLoader                         : 366K
Loader jdk.internal.loader.ClassLoaders$AppClassLoader                                 : 234K
Loader jdk.internal.reflect.DelegatingClassLoader                                      : 143K
Loader jdk.internal.loader.ClassLoaders$PlatformClassLoader                            : 113K

Classes loaded by more than one classloader:
Class org.gradle.internal.classloader.FilteringClassLoader                            : loaded 2 times (x 101B)
Class org.gradle.internal.classloader.ClassLoaderHierarchy                            : loaded 2 times (x 66B)
Class org.gradle.api.internal.classpath.ManifestUtil                                  : loaded 2 times (x 67B)
Class org.gradle.internal.classloader.DefaultClassLoaderFactory                       : loaded 2 times (x 78B)
Class org.gradle.internal.classloader.ClassLoaderVisitor                              : loaded 2 times (x 72B)
Class org.gradle.api.internal.classpath.EffectiveClassPath                            : loaded 2 times (x 86B)
Class org.gradle.api.internal.DefaultClassPathProvider                                : loaded 2 times (x 72B)
Class [Lorg.gradle.api.internal.ClassPathProvider;                                    : loaded 2 times (x 65B)
Class org.gradle.api.internal.ClassPathProvider                                       : loaded 2 times (x 66B)
Class org.gradle.internal.service.UnknownServiceException                             : loaded 2 times (x 79B)
Class org.gradle.internal.classpath.TransformedClassPath                              : loaded 2 times (x 92B)
Class org.gradle.internal.classloader.InstrumentingClassLoader                        : loaded 2 times (x 66B)
Class org.gradle.internal.service.ServiceLocator                                      : loaded 2 times (x 66B)
Class org.gradle.internal.InternalTransformer                                         : loaded 2 times (x 66B)
Class org.gradle.internal.classloader.ClasspathUtil$1                                 : loaded 2 times (x 72B)
Class org.gradle.api.internal.classpath.DefaultModuleRegistry$DefaultModule           : loaded 2 times (x 82B)
Class kotlin.Function                                                                 : loaded 2 times (x 66B)
Class org.gradle.api.internal.classpath.Module                                        : loaded 2 times (x 66B)
Class org.gradle.api.internal.classpath.UnknownModuleException                        : loaded 2 times (x 78B)
Class org.gradle.api.internal.DefaultClassPathRegistry                                : loaded 2 times (x 72B)
Class org.gradle.api.internal.ClassPathRegistry                                       : loaded 2 times (x 66B)
Class org.gradle.internal.classpath.DefaultClassPath$ImmutableUniqueList              : loaded 2 times (x 195B)
Class org.gradle.internal.classpath.ClassPath                                         : loaded 2 times (x 66B)
Class org.gradle.api.UncheckedIOException                                             : loaded 2 times (x 78B)
Class kotlin.UninitializedPropertyAccessException                                     : loaded 2 times (x 78B)
Class org.gradle.internal.installation.GradleInstallation$1                           : loaded 2 times (x 71B)
Class org.gradle.api.internal.classpath.ModuleRegistry                                : loaded 2 times (x 66B)
Class org.gradle.api.internal.classpath.DefaultModuleRegistry                         : loaded 2 times (x 82B)
Class org.gradle.internal.service.ServiceLookupException                              : loaded 2 times (x 78B)
Class org.gradle.internal.classloader.ClassLoaderFactory                              : loaded 2 times (x 66B)
Class org.gradle.internal.service.CachingServiceLocator                               : loaded 2 times (x 78B)
Class org.gradle.internal.classloader.ClasspathUtil                                   : loaded 2 times (x 67B)
Class org.gradle.api.specs.Spec                                                       : loaded 2 times (x 66B)
Class org.gradle.internal.classloader.VisitableURLClassLoader$InstrumentingVisitableURLClassLoader: loaded 2 times (x 119B)
Class org.gradle.internal.classloader.VisitableURLClassLoader$Spec                    : loaded 2 times (x 70B)
Class org.gradle.internal.classpath.DefaultClassPath                                  : loaded 2 times (x 86B)
Class org.gradle.internal.classloader.ClassLoaderSpec                                 : loaded 2 times (x 67B)
Class org.gradle.internal.classloader.VisitableURLClassLoader                         : loaded 2 times (x 113B)
Class org.gradle.internal.Cast                                                        : loaded 2 times (x 67B)
Class org.gradle.api.Action                                                           : loaded 2 times (x 66B)
Class org.gradle.internal.classpath.DefaultClassPath$ImmutableUniqueList$Builder      : loaded 2 times (x 71B)
Class org.gradle.api.GradleException                                                  : loaded 2 times (x 78B)
Class org.gradle.internal.IoActions                                                   : loaded 2 times (x 67B)
Class org.gradle.internal.classloader.SystemClassLoaderSpec                           : loaded 2 times (x 67B)
Class kotlin.jvm.internal.Intrinsics                                                  : loaded 2 times (x 67B)
Class kotlin.KotlinNullPointerException                                               : loaded 2 times (x 79B)
Class org.gradle.api.internal.classpath.GlobalCacheRootsProvider                      : loaded 2 times (x 66B)
Class org.gradle.internal.installation.CurrentGradleInstallationLocator               : loaded 2 times (x 67B)
Class org.gradle.internal.service.DefaultServiceLocator                               : loaded 2 times (x 79B)
Class org.gradle.util.GradleVersion                                                   : loaded 2 times (x 79B)
Class org.gradle.internal.installation.CurrentGradleInstallation                      : loaded 2 times (x 69B)
Class org.gradle.util.internal.GUtil                                                  : loaded 2 times (x 67B)
Class org.gradle.internal.installation.GradleInstallation                             : loaded 2 times (x 71B)

---------------  S Y S T E M  ---------------

OS:
 Windows 11 , 64 bit Build 26100 (10.0.26100.1620)
OS uptime: 2 days 0:27 hours

CPU: total 12 (initial active 12) (6 cores per cpu, 2 threads per core) family 6 model 154 stepping 4 microcode 0x424, cx8, cmov, fxsr, ht, mmx, 3dnowpref, sse, sse2, sse3, ssse3, sse4.1, sse4.2, popcnt, lzcnt, tsc, tscinvbit, avx, avx2, aes, erms, clmul, bmi1, bmi2, adx, sha, fma, vzeroupper, clflush, clflushopt, clwb, serialize, rdtscp, rdpid, fsrm, f16c, pku, cet_ibt, cet_ss
Processor Information for processor 0
  Max Mhz: 1300, Current Mhz: 1300, Mhz Limit: 1300
Processor Information for processor 1
  Max Mhz: 1300, Current Mhz: 1300, Mhz Limit: 1300
Processor Information for processor 2
  Max Mhz: 1300, Current Mhz: 1300, Mhz Limit: 1300
Processor Information for processor 3
  Max Mhz: 1300, Current Mhz: 1300, Mhz Limit: 1300
Processor Information for processor 4
  Max Mhz: 900, Current Mhz: 900, Mhz Limit: 900
Processor Information for processor 5
  Max Mhz: 900, Current Mhz: 900, Mhz Limit: 900
Processor Information for processor 6
  Max Mhz: 900, Current Mhz: 900, Mhz Limit: 900
Processor Information for processor 7
  Max Mhz: 900, Current Mhz: 900, Mhz Limit: 900
Processor Information for processor 8
  Max Mhz: 900, Current Mhz: 900, Mhz Limit: 900
Processor Information for processor 9
  Max Mhz: 900, Current Mhz: 900, Mhz Limit: 900
Processor Information for processor 10
  Max Mhz: 900, Current Mhz: 900, Mhz Limit: 900
Processor Information for processor 11
  Max Mhz: 900, Current Mhz: 900, Mhz Limit: 900

Memory: 4k page, system-wide physical 7916M (598M free)
TotalPageFile size 20599M (AvailPageFile size 11M)
current process WorkingSet (physical memory assigned to process): 207M, peak: 229M
current process commit charge ("private bytes"): 250M, peak: 275M

vm_info: OpenJDK 64-Bit Server VM (21.0.4+-12508038-b607.1) for windows-amd64 JRE (21.0.4+-12508038-b607.1), built on 2024-10-16T17:23:34Z by "builder" with MS VC++ 16.10 / 16.11 (VS2019)

END.
